#
# There is insufficient memory for the Java Runtime Environment to continue.
# Native memory allocation (malloc) failed to allocate 1048576 bytes for AllocateHeap
# Possible reasons:
#   The system is out of physical RAM or swap space
#   The process is running with CompressedOops enabled, and the Java Heap may be blocking the growth of the native heap
# Possible solutions:
#   Reduce memory load on the system
#   Increase physical memory or swap space
#   Check if swap backing store is full
#   Decrease Java heap size (-Xmx/-Xms)
#   Decrease number of Java threads
#   Decrease Java thread stack sizes (-Xss)
#   Set larger code cache with -XX:ReservedCodeCacheSize=
#   JVM is running with Unscaled Compressed Oops mode in which the Java heap is
#     placed in the first 4GB address space. The Java Heap base address is the
#     maximum limit for the native heap growth. Please use -XX:HeapBaseMinAddress
#     to set the Java Heap base and to place the Java Heap above 4GB virtual address.
# This output file may be truncated or incomplete.
#
#  Out of Memory Error (memory/allocation.inline.hpp:61), pid=6860, tid=0x0000000000002eb4
#
# JRE version:  (8.0_211-b12) (build )
# Java VM: Java HotSpot(TM) 64-Bit Server VM (25.211-b12 mixed mode windows-amd64 compressed oops)
# Failed to write core dump. Minidumps are not enabled by default on client versions of Windows
#

---------------  T H R E A D  ---------------

Current thread (0x0000000002f32800):  JavaThread "Unknown thread" [_thread_in_vm, id=11956, stack(0x0000000002dc0000,0x0000000002ec0000)]

Stack: [0x0000000002dc0000,0x0000000002ec0000]
[error occurred during error reporting (printing stack bounds), id 0xc0000005]

Native frames: (J=compiled Java code, j=interpreted, Vv=VM code, C=native code)


---------------  P R O C E S S  ---------------

Java Threads: ( => current thread )

Other Threads:

=>0x0000000002f32800 (exited) JavaThread "Unknown thread" [_thread_in_vm, id=11956, stack(0x0000000002dc0000,0x0000000002ec0000)]

VM state:not at safepoint (normal execution)

VM Mutex/Monitor currently owned by a thread: None

heap address: 0x00000000a0e00000, size: 1522 MB, Compressed Oops mode: 32-bit
Narrow klass base: 0x0000000000000000, Narrow klass shift: 3
Compressed class space size: 1073741824 Address: 0x0000000100000000

Heap:
 PSYoungGen      total 28672K, used 491K [0x00000000e0500000, 0x00000000e2500000, 0x0000000100000000)
  eden space 24576K, 2% used [0x00000000e0500000,0x00000000e057ae20,0x00000000e1d00000)
  from space 4096K, 0% used [0x00000000e2100000,0x00000000e2100000,0x00000000e2500000)
  to   space 4096K, 0% used [0x00000000e1d00000,0x00000000e1d00000,0x00000000e2100000)
 ParOldGen       total 65536K, used 0K [0x00000000a0e00000, 0x00000000a4e00000, 0x00000000e0500000)
  object space 65536K, 0% used [0x00000000a0e00000,0x00000000a0e00000,0x00000000a4e00000)
 Metaspace       used 786K, capacity 1156K, committed 1408K, reserved 1060864K
  class space    used 76K, capacity 384K, committed 384K, reserved 1048576K

Card table byte_map: [0x00000000123f0000,0x00000000126f0000] byte_map_base: 0x0000000011ee9000

Marking Bits: (ParMarkBitMap*) 0x000000005c935ce0
 Begin Bits: [0x0000000012cf0000, 0x00000000144b8000)
 End Bits:   [0x00000000144b8000, 0x0000000015c80000)

Polling page: 0x00000000012d0000

CodeCache: size=245760Kb used=328Kb max_used=328Kb free=245431Kb
 bounds [0x0000000003030000, 0x00000000032a0000, 0x0000000012030000]
 total_blobs=58 nmethods=0 adapters=38
 compilation: enabled

Compilation events (0 events):
No events

GC Heap History (0 events):
No events

Deoptimization events (0 events):
No events

Classes redefined (0 events):
No events

Internal exceptions (0 events):
No events

Events (10 events):
Event: 0.099 loading class java/lang/Short
Event: 0.099 loading class java/lang/Short done
Event: 0.099 loading class java/lang/Integer
Event: 0.100 loading class java/lang/Integer done
Event: 0.100 loading class java/lang/Long
Event: 0.100 loading class java/lang/Long done
Event: 0.102 loading class java/lang/NullPointerException
Event: 0.102 loading class java/lang/NullPointerException done
Event: 0.102 loading class java/lang/ArithmeticException
Event: 0.102 loading class java/lang/ArithmeticException done


Dynamic libraries:
0x00007ff78a9f0000 - 0x00007ff78aa27000 	C:\Program Files\Java\jdk1.8.0_211\bin\javaw.exe
0x00007ffe73c00000 - 0x00007ffe73df0000 	C:\Windows\SYSTEM32\ntdll.dll
0x00007ffe71e70000 - 0x00007ffe71f22000 	C:\Windows\System32\KERNEL32.DLL
0x00007ffe71900000 - 0x00007ffe71ba2000 	C:\Windows\System32\KERNELBASE.dll
0x00007ffe71f30000 - 0x00007ffe71fd3000 	C:\Windows\System32\ADVAPI32.dll
0x00007ffe72e40000 - 0x00007ffe72ede000 	C:\Windows\System32\msvcrt.dll
0x00007ffe73080000 - 0x00007ffe73117000 	C:\Windows\System32\sechost.dll
0x00007ffe72560000 - 0x00007ffe72680000 	C:\Windows\System32\RPCRT4.dll
0x00007ffe72ee0000 - 0x00007ffe73073000 	C:\Windows\System32\USER32.dll
0x00007ffe70be0000 - 0x00007ffe70c01000 	C:\Windows\System32\win32u.dll
0x00007ffe73320000 - 0x00007ffe73346000 	C:\Windows\System32\GDI32.dll
0x00007ffe70d40000 - 0x00007ffe70ed4000 	C:\Windows\System32\gdi32full.dll
0x00007ffe70ca0000 - 0x00007ffe70d3e000 	C:\Windows\System32\msvcp_win.dll
0x00007ffe71800000 - 0x00007ffe718fa000 	C:\Windows\System32\ucrtbase.dll
0x00007ffe60a70000 - 0x00007ffe60cf5000 	C:\Windows\WinSxS\amd64_microsoft.windows.common-controls_6595b64144ccf1df_6.0.18362.30_none_a1435978519dce7f\COMCTL32.dll
0x00007ffe720b0000 - 0x00007ffe723e6000 	C:\Windows\System32\combase.dll
0x00007ffe70c10000 - 0x00007ffe70c91000 	C:\Windows\System32\bcryptPrimitives.dll
0x00007ffe72680000 - 0x00007ffe726ae000 	C:\Windows\System32\IMM32.DLL
0x000000005c9c0000 - 0x000000005ca92000 	C:\Program Files\Java\jdk1.8.0_211\jre\bin\msvcr100.dll
0x000000005c110000 - 0x000000005c9b5000 	C:\Program Files\Java\jdk1.8.0_211\jre\bin\server\jvm.dll
0x00007ffe71e00000 - 0x00007ffe71e08000 	C:\Windows\System32\PSAPI.DLL
0x00007ffe6d7e0000 - 0x00007ffe6d804000 	C:\Windows\SYSTEM32\WINMM.dll
0x00007ffe6b840000 - 0x00007ffe6b84a000 	C:\Windows\SYSTEM32\VERSION.dll
0x00007ffe67270000 - 0x00007ffe67279000 	C:\Windows\SYSTEM32\WSOCK32.dll
0x00007ffe6d7b0000 - 0x00007ffe6d7dd000 	C:\Windows\SYSTEM32\WINMMBASE.dll
0x00007ffe717b0000 - 0x00007ffe717fa000 	C:\Windows\System32\cfgmgr32.dll
0x00007ffe73970000 - 0x00007ffe739df000 	C:\Windows\System32\ws2_32.DLL
0x00007ffe6b6d0000 - 0x00007ffe6b6df000 	C:\Program Files\Java\jdk1.8.0_211\jre\bin\verify.dll
0x00007ffe5fa10000 - 0x00007ffe5fa39000 	C:\Program Files\Java\jdk1.8.0_211\jre\bin\java.dll
0x00007ffe61830000 - 0x00007ffe61846000 	C:\Program Files\Java\jdk1.8.0_211\jre\bin\zip.dll

VM Arguments:
jvm_args: -Dfile.encoding=Cp1252 
java_command: schedule.view.RequestDayOff
java_class_path (initial): C:\Program Files\Java\jdk1.8.0_211\jre\lib\resources.jar;C:\Program Files\Java\jdk1.8.0_211\jre\lib\rt.jar;C:\Program Files\Java\jdk1.8.0_211\jre\lib\jsse.jar;C:\Program Files\Java\jdk1.8.0_211\jre\lib\jce.jar;C:\Program Files\Java\jdk1.8.0_211\jre\lib\charsets.jar;C:\Program Files\Java\jdk1.8.0_211\jre\lib\jfr.jar;C:\Program Files\Java\jdk1.8.0_211\jre\lib\ext\access-bridge-64.jar;C:\Program Files\Java\jdk1.8.0_211\jre\lib\ext\cldrdata.jar;C:\Program Files\Java\jdk1.8.0_211\jre\lib\ext\dnsns.jar;C:\Program Files\Java\jdk1.8.0_211\jre\lib\ext\jaccess.jar;C:\Program Files\Java\jdk1.8.0_211\jre\lib\ext\jfxrt.jar;C:\Program Files\Java\jdk1.8.0_211\jre\lib\ext\localedata.jar;C:\Program Files\Java\jdk1.8.0_211\jre\lib\ext\nashorn.jar;C:\Program Files\Java\jdk1.8.0_211\jre\lib\ext\sunec.jar;C:\Program Files\Java\jdk1.8.0_211\jre\lib\ext\sunjce_provider.jar;C:\Program Files\Java\jdk1.8.0_211\jre\lib\ext\sunmscapi.jar;C:\Program Files\Java\jdk1.8.0_211\jre\lib\ext\sunpkcs11.jar;C:\Program Files\Java\jdk1.8.0_211\jre\lib\ext\zipfs.jar;C:\Users\student\eclipse-workspace\Schedule\bin;C:\Software\eclipse\plugins\org.eclipse.fx.ide.css.jfx8_3.0.0.201705220750.jar;C:\Program Files\Java\lib\TrayNotification.jar;C:\Program Files\Java\lib\mysql-connector-java-5.1.39-bin.jar
Launcher Type: SUN_STANDARD

Environment Variables:
PATH=C:/Software/eclipse/jre/bin/server;C:/Software/eclipse/jre/bin;C:/Software/eclipse/jre/lib/amd64;C:\Program Files (x86)\Common Files\Oracle\Java\javapath;C:\Windows\system32;C:\Windows;C:\Windows\System32\Wbem;C:\Windows\System32\WindowsPowerShell\v1.0\;C:\Windows\System32\OpenSSH\;C:\Program Files (x86)\Ampps\mysql\bin;C:\Users\student\AppData\Local\Microsoft\WindowsApps;;C:\Software\eclipse;
USERNAME=student
OS=Windows_NT
PROCESSOR_IDENTIFIER=Intel64 Family 6 Model 60 Stepping 3, GenuineIntel



---------------  S Y S T E M  ---------------

OS: Windows 10.0 , 64 bit Build 18362 (10.0.18362.1)

CPU:total 4 (initial active 4) (4 cores per cpu, 1 threads per core) family 6 model 60 stepping 3, cmov, cx8, fxsr, mmx, sse, sse2, sse3, ssse3, sse4.1, sse4.2, popcnt, avx, avx2, aes, clmul, lzcnt, tsc, tscinvbit

Memory: 4k page, physical 6233652k(1707980k free), swap 11402160k(5136k free)

vm_info: Java HotSpot(TM) 64-Bit Server VM (25.211-b12) for windows-amd64 JRE (1.8.0_211-b12), built on Apr  1 2019 20:53:26 by "java_re" with MS VC++ 10.0 (VS2010)

time: Thu Oct 17 15:17:08 2019
timezone: Eastern Daylight Time
elapsed time: 0 seconds (0d 0h 0m 0s)

